2025-11-24T08:55:38Z [browserstack_sdk.__init__][INFO] - SDK run started with id: f95097a7-0362-4586-afe6-7b5c2c21fc21
2025-11-24T08:55:39Z [browserstack_sdk.__init__][INFO] - Project and debug logs are captured by default. To disable, set disableAutoCaptureLogs: true in config.
2025-11-24T08:55:41Z [browserstack_sdk.__init__][INFO] - Setting up for Browserstack, using framework: robot
==============================================================================
testCases                                                                     
==============================================================================
testCases.Login Logout                                                        
==============================================================================
Login and Logout on SauceDemo                                         2025-11-24T08:55:41Z [selenium.webdriver.common.selenium_manager][WARNING] - The chromedriver version (141.0.7390.78) detected in PATH at C:\Users\Acer\PycharmProjects\Testing\chromedriver-win64\chromedriver.exe might not be compatible with the detected chrome version (142.0.7444.176); currently, chromedriver 142.0.7444.175 is recommended for chrome 142.*, so it is advised to delete the driver in PATH and retry
2025-11-24T08:55:41Z [browserstack_sdk.__init__][INFO] - Completed setup!
| PASS |
------------------------------------------------------------------------------
testCases.Login Logout                                                | PASS |
1 test, 1 passed, 0 failed
==============================================================================
testCases                                                             | PASS |
1 test, 1 passed, 0 failed
==============================================================================
Output:  C:\Users\Acer\PycharmProjects\Testing\Assignment_2\pabot_results\9\output.xml
2025-11-24T08:55:55Z [browserstack_sdk.__init__][INFO] - Handling session close
2025-11-24T08:55:55Z [browserstack_sdk.__init__][INFO] - All done!
