2025-11-24T09:14:49Z [browserstack_sdk.__init__][INFO] - SDK run started with id: c33f114d-b90f-4c0f-9f43-a20b80801aeb
2025-11-24T09:14:49Z [browserstack_sdk.__init__][INFO] - Project and debug logs are captured by default. To disable, set disableAutoCaptureLogs: true in config.
2025-11-24T09:14:52Z [browserstack_sdk.__init__][INFO] - Setting up for Browserstack, using framework: robot
==============================================================================
testCases                                                                     
==============================================================================
testCases.Login Logout                                                        
==============================================================================
Login and Logout on SauceDemo                                         2025-11-24T09:14:52Z [browserstack_sdk.__init__][INFO] - Completed setup!
| PASS |
------------------------------------------------------------------------------
testCases.Login Logout                                                | PASS |
1 test, 1 passed, 0 failed
==============================================================================
testCases                                                             | PASS |
1 test, 1 passed, 0 failed
==============================================================================
Output:  C:\Users\Acer\PycharmProjects\Testing\Assignment_2\pabot_results\11\output.xml
2025-11-24T09:15:11Z [browserstack_sdk.__init__][INFO] - Handling session close
2025-11-24T09:15:11Z [browserstack_sdk.__init__][INFO] - All done!
