2025-11-24T08:54:18Z [browserstack_sdk.__init__][INFO] - SDK run started with id: c03eb0aa-6a55-40a8-94e1-d5d22423abdb
2025-11-24T08:54:18Z [browserstack_sdk.__init__][INFO] - Project and debug logs are captured by default. To disable, set disableAutoCaptureLogs: true in config.
2025-11-24T08:54:20Z [browserstack_sdk.__init__][INFO] - Setting up for Browserstack, using framework: robot
==============================================================================
testCases                                                                     
==============================================================================
testCases.AddProducts                                                         
==============================================================================
Add Selected Products To Cart                                         2025-11-24T08:54:20Z [selenium.webdriver.common.selenium_manager][WARNING] - The chromedriver version (141.0.7390.78) detected in PATH at C:\Users\Acer\PycharmProjects\Testing\chromedriver-win64\chromedriver.exe might not be compatible with the detected chrome version (142.0.7444.176); currently, chromedriver 142.0.7444.175 is recommended for chrome 142.*, so it is advised to delete the driver in PATH and retry
2025-11-24T08:54:21Z [browserstack_sdk.__init__][INFO] - Completed setup!
| PASS |
------------------------------------------------------------------------------
testCases.AddProducts                                                 | PASS |
1 test, 1 passed, 0 failed
==============================================================================
testCases                                                             | PASS |
1 test, 1 passed, 0 failed
==============================================================================
Output:  C:\Users\Acer\PycharmProjects\Testing\Assignment_2\pabot_results\2\output.xml
2025-11-24T08:54:42Z [browserstack_sdk.__init__][INFO] - Handling session close
2025-11-24T08:54:42Z [browserstack_sdk.__init__][INFO] - All done!
