2025-11-24T09:12:49Z [browserstack_sdk.__init__][INFO] - SDK run started with id: 8a5d2383-e88c-4d07-8d0d-1d42966db053
2025-11-24T09:12:49Z [browserstack_sdk.__init__][INFO] - Project and debug logs are captured by default. To disable, set disableAutoCaptureLogs: true in config.
2025-11-24T09:12:52Z [browserstack_sdk.__init__][INFO] - Setting up for Browserstack, using framework: robot
==============================================================================
testCases                                                                     
==============================================================================
testCases.AddProducts                                                         
==============================================================================
Add Selected Products To Cart                                         2025-11-24T09:13:01Z [browserstack_sdk.__init__][INFO] - Completed setup!
| PASS |
------------------------------------------------------------------------------
testCases.AddProducts                                                 | PASS |
1 test, 1 passed, 0 failed
==============================================================================
testCases                                                             | PASS |
1 test, 1 passed, 0 failed
==============================================================================
Output:  C:\Users\Acer\PycharmProjects\Testing\Assignment_2\pabot_results\0\output.xml
2025-11-24T09:13:23Z [browserstack_sdk.__init__][INFO] - Handling session close
2025-11-24T09:13:23Z [browserstack_sdk.__init__][INFO] - All done!
