2025-11-24T09:13:26Z [browserstack_sdk.__init__][INFO] - SDK run started with id: 1f0a00c5-7df3-4f07-bdfb-a2328f685e4b
2025-11-24T09:13:26Z [browserstack_sdk.__init__][INFO] - Project and debug logs are captured by default. To disable, set disableAutoCaptureLogs: true in config.
2025-11-24T09:13:28Z [browserstack_sdk.__init__][INFO] - Setting up for Browserstack, using framework: robot
==============================================================================
testCases                                                                     
==============================================================================
testCases.BuyProducts                                                         
==============================================================================
Buy Selected Products                                                 2025-11-24T09:13:28Z [browserstack_sdk.__init__][INFO] - Completed setup!
| PASS |
------------------------------------------------------------------------------
testCases.BuyProducts                                                 | PASS |
1 test, 1 passed, 0 failed
==============================================================================
testCases                                                             | PASS |
1 test, 1 passed, 0 failed
==============================================================================
Output:  C:\Users\Acer\PycharmProjects\Testing\Assignment_2\pabot_results\3\output.xml
2025-11-24T09:13:50Z [browserstack_sdk.__init__][INFO] - Handling session close
2025-11-24T09:13:50Z [browserstack_sdk.__init__][INFO] - All done!
