2025-11-24T09:13:35Z [browserstack_sdk.__init__][INFO] - SDK run started with id: 032d8eb9-f7c8-4546-8d86-35a07f4f39c0
2025-11-24T09:13:35Z [browserstack_sdk.__init__][INFO] - Project and debug logs are captured by default. To disable, set disableAutoCaptureLogs: true in config.
2025-11-24T09:13:38Z [browserstack_sdk.__init__][INFO] - Setting up for Browserstack, using framework: robot
==============================================================================
testCases                                                                     
==============================================================================
testCases.BuyProducts                                                         
==============================================================================
Buy Selected Products                                                 2025-11-24T09:13:38Z [browserstack_sdk.__init__][INFO] - Completed setup!
| PASS |
------------------------------------------------------------------------------
testCases.BuyProducts                                                 | PASS |
1 test, 1 passed, 0 failed
==============================================================================
testCases                                                             | PASS |
1 test, 1 passed, 0 failed
==============================================================================
Output:  C:\Users\Acer\PycharmProjects\Testing\Assignment_2\pabot_results\4\output.xml
2025-11-24T09:14:11Z [browserstack_sdk.__init__][INFO] - Handling session close
2025-11-24T09:14:11Z [browserstack_sdk.__init__][INFO] - All done!
