2025-11-24T08:54:18Z [browserstack_sdk.__init__][INFO] - SDK run started with id: aed53ecf-80fd-4b7a-a22c-0436f4bd4ed7
2025-11-24T08:54:18Z [browserstack_sdk.__init__][INFO] - Project and debug logs are captured by default. To disable, set disableAutoCaptureLogs: true in config.
2025-11-24T08:54:20Z [browserstack_sdk.__init__][INFO] - Setting up for Browserstack, using framework: robot
==============================================================================
testCases                                                                     
==============================================================================
testCases.AddProducts                                                         
==============================================================================
Add Selected Products To Cart                                         2025-11-24T08:54:21Z [selenium.webdriver.common.selenium_manager][WARNING] - The chromedriver version (141.0.7390.78) detected in PATH at C:\Users\Acer\PycharmProjects\Testing\chromedriver-win64\chromedriver.exe might not be compatible with the detected chrome version (142.0.7444.176); currently, chromedriver 142.0.7444.175 is recommended for chrome 142.*, so it is advised to delete the driver in PATH and retry
2025-11-24T08:54:21Z [browserstack_sdk.__init__][INFO] - Completed setup!
| PASS |
------------------------------------------------------------------------------
testCases.AddProducts                                                 | PASS |
1 test, 1 passed, 0 failed
==============================================================================
testCases                                                             | PASS |
1 test, 1 passed, 0 failed
==============================================================================
Output:  C:\Users\Acer\PycharmProjects\Testing\Assignment_2\pabot_results\1\output.xml
2025-11-24T08:54:51Z [browserstack_sdk.__init__][INFO] - Handling session close
2025-11-24T08:54:51Z [browserstack_sdk.__init__][INFO] - All done!
