2025-11-24T09:13:52Z [browserstack_sdk.__init__][INFO] - SDK run started with id: 1693d29d-24dd-4054-a56e-b9228ca84ecc
2025-11-24T09:13:52Z [browserstack_sdk.__init__][INFO] - Project and debug logs are captured by default. To disable, set disableAutoCaptureLogs: true in config.
2025-11-24T09:13:54Z [browserstack_sdk.__init__][INFO] - Setting up for Browserstack, using framework: robot
==============================================================================
testCases                                                                     
==============================================================================
testCases.ClearCart                                                           
==============================================================================
Clear Cart If Not Enough Products                                     2025-11-24T09:13:55Z [browserstack_sdk.__init__][INFO] - Completed setup!
| PASS |
------------------------------------------------------------------------------
testCases.ClearCart                                                   | PASS |
1 test, 1 passed, 0 failed
==============================================================================
testCases                                                             | PASS |
1 test, 1 passed, 0 failed
==============================================================================
Output:  C:\Users\Acer\PycharmProjects\Testing\Assignment_2\pabot_results\6\output.xml
2025-11-24T09:14:15Z [browserstack_sdk.__init__][INFO] - Handling session close
2025-11-24T09:14:15Z [browserstack_sdk.__init__][INFO] - All done!
