2025-11-24T08:55:26Z [browserstack_sdk.__init__][INFO] - SDK run started with id: 87232701-342d-480e-90c6-f667cd96169b
2025-11-24T08:55:26Z [browserstack_sdk.__init__][INFO] - Project and debug logs are captured by default. To disable, set disableAutoCaptureLogs: true in config.
2025-11-24T08:55:28Z [browserstack_sdk.__init__][INFO] - Setting up for Browserstack, using framework: robot
==============================================================================
testCases                                                                     
==============================================================================
testCases.ClearCart                                                           
==============================================================================
Clear Cart If Not Enough Products                                     2025-11-24T08:55:28Z [selenium.webdriver.common.selenium_manager][WARNING] - The chromedriver version (141.0.7390.78) detected in PATH at C:\Users\Acer\PycharmProjects\Testing\chromedriver-win64\chromedriver.exe might not be compatible with the detected chrome version (142.0.7444.176); currently, chromedriver 142.0.7444.175 is recommended for chrome 142.*, so it is advised to delete the driver in PATH and retry
2025-11-24T08:55:28Z [browserstack_sdk.__init__][INFO] - Completed setup!
| PASS |
------------------------------------------------------------------------------
testCases.ClearCart                                                   | PASS |
1 test, 1 passed, 0 failed
==============================================================================
testCases                                                             | PASS |
1 test, 1 passed, 0 failed
==============================================================================
Output:  C:\Users\Acer\PycharmProjects\Testing\Assignment_2\pabot_results\8\output.xml
2025-11-24T08:55:52Z [browserstack_sdk.__init__][INFO] - Handling session close
2025-11-24T08:55:52Z [browserstack_sdk.__init__][INFO] - All done!
