2025-11-24T09:14:38Z [browserstack_sdk.__init__][INFO] - SDK run started with id: c5586c6a-9348-4751-9446-d5c17c2d5cc7
2025-11-24T09:14:38Z [browserstack_sdk.__init__][INFO] - Project and debug logs are captured by default. To disable, set disableAutoCaptureLogs: true in config.
2025-11-24T09:14:41Z [browserstack_sdk.__init__][INFO] - Setting up for Browserstack, using framework: robot
==============================================================================
testCases                                                                     
==============================================================================
testCases.Login Logout                                                        
==============================================================================
Login and Logout on SauceDemo                                         2025-11-24T09:14:41Z [browserstack_sdk.__init__][INFO] - Completed setup!
| PASS |
------------------------------------------------------------------------------
testCases.Login Logout                                                | PASS |
1 test, 1 passed, 0 failed
==============================================================================
testCases                                                             | PASS |
1 test, 1 passed, 0 failed
==============================================================================
Output:  C:\Users\Acer\PycharmProjects\Testing\Assignment_2\pabot_results\10\output.xml
2025-11-24T09:15:21Z [browserstack_sdk.__init__][INFO] - Handling session close
2025-11-24T09:15:21Z [browserstack_sdk.__init__][INFO] - All done!
