2025-11-24T09:14:14Z [browserstack_sdk.__init__][INFO] - SDK run started with id: c64d26f8-4a94-40aa-9275-b952f7c25592
2025-11-24T09:14:14Z [browserstack_sdk.__init__][INFO] - Project and debug logs are captured by default. To disable, set disableAutoCaptureLogs: true in config.
2025-11-24T09:14:16Z [browserstack_sdk.__init__][INFO] - Setting up for Browserstack, using framework: robot
==============================================================================
testCases                                                                     
==============================================================================
testCases.ClearCart                                                           
==============================================================================
Clear Cart If Not Enough Products                                     2025-11-24T09:14:16Z [browserstack_sdk.__init__][INFO] - Completed setup!
| PASS |
------------------------------------------------------------------------------
testCases.ClearCart                                                   | PASS |
1 test, 1 passed, 0 failed
==============================================================================
testCases                                                             | PASS |
1 test, 1 passed, 0 failed
==============================================================================
Output:  C:\Users\Acer\PycharmProjects\Testing\Assignment_2\pabot_results\7\output.xml
2025-11-24T09:14:56Z [browserstack_sdk.__init__][INFO] - Handling session close
2025-11-24T09:14:56Z [browserstack_sdk.__init__][INFO] - All done!
